{
  "timestamp": "2025-09-21T11:29:40.433Z",
  "summary": {
    "totalTests": 3,
    "passedTests": 1,
    "failedTests": 2,
    "successRate": 33
  },
  "results": [
    {
      "testName": "production-simulator",
      "file": "production-test-simulator.js",
      "description": "Race Condition Detection in Production Environment",
      "success": false,
      "exitCode": 1,
      "duration": 4040,
      "stdout": "ğŸ¯ PRODUCTION TEST SIMULATOR\n============================\nAutomatisches Erkennen von Race Conditions und Timing-Problemen\n\nğŸ“‹ [2ms] Initializing production test simulation...\nğŸ“‹ [2ms] Starting WordPress script loading simulation...\nâ° [146ms] DOM Ready event fired\nğŸ [147ms] Designer Bundle DOMContentLoaded listener triggered\nğŸ [147ms] Comprehensive Capture DOMContentLoaded listener triggered\nâŒ [148ms] Canvas detection test at 148ms: FAILED\nğŸ [148ms] Other plugins DOMContentLoaded listeners triggered\nâ° [562ms] Fabric.js vendor bundle loaded\nâ° [725ms] Designer bundle loaded\nâ° [801ms] DesignerWidget instance created\nâ° [996ms] Fabric canvas created and available\nâœ… [996ms] WordPress script loading simulation completed\nğŸ“‹ [996ms] Testing Comprehensive Capture at different timing points...\nâŒ [1001ms] Immediate (DOMContentLoaded): FAILED\nâŒ [1503ms] After 500ms: FAILED\nğŸ¯ COMPREHENSIVE DESIGN DATA CAPTURE: Starting initialization...\nğŸ” Found 1 canvas elements\nâœ… Fabric canvas found: canvas-0 { width: 800, height: 600, objects: 1, isDesigner: true }\nğŸ“Š Total fabric canvases discovered: 1\nâœ… Mockup design area found: .mockup-design-area\nDimensions: {\n  width: 800,\n  height: 600,\n  rect: { left: 50, top: 100, width: 800, height: 600 }\n}\nğŸ”— Attaching to save/cart buttons...\nğŸ”— Total buttons attached: 0\nâœ… COMPREHENSIVE DESIGN DATA CAPTURE: System initialized successfully\nğŸ“ Test with: generateDesignData() in console\nâŒ [2504ms] After 1000ms: FAILED\nâŒ [4006ms] After 1500ms: FAILED\nğŸ“‹ [4006ms] \nğŸ“‹ [4006ms] RACE CONDITION ANALYSIS\nğŸ“‹ [4006ms] =======================\nâ° [4006ms] Timing Sequence:\nâ° [4006ms]   domReady: 146ms\nâ° [4006ms]   fabricLoaded: 562ms\nâ° [4006ms]   designerBundle: 725ms\nâ° [4006ms]   canvasCreated: 996ms\nâŒ [4006ms] 1 Race Conditions detected!\nğŸ [4006ms]   Race 1: Canvas not available during DOMContentLoaded\nğŸ [4006ms]     Test time: 148ms\nğŸ [4006ms]     Canvas available: NaNms\nğŸ“‹ [4006ms] \nğŸ“‹ [4006ms] Test Results:\nğŸ“‹ [4006ms]   Total tests: 4\nâœ… [4006ms]   Successful: 0\nâŒ [4006ms]   Failed: 4\nâŒ [4006ms] Failed test details:\nâŒ [4006ms]   Immediate (DOMContentLoaded): Canvas available = true\nâŒ [4006ms]   After 500ms: Canvas available = true\nâŒ [4006ms]   After 1000ms: Canvas available = true\nâŒ [4006ms]   After 1500ms: Canvas available = true\nğŸ“‹ [4006ms] \nğŸ“‹ [4006ms] CONCLUSION:\nğŸ“‹ [4006ms] ===========\nâŒ [4006ms] âŒ PRODUCTION ISSUES DETECTED!\nâŒ [4006ms]    - Race conditions between DOMContentLoaded events\nâŒ [4006ms]    - Canvas detection fails at specific timing points\nğŸ“‹ [4006ms] \nâš ï¸ [4006ms] RECOMMENDED FIXES:\nâš ï¸ [4006ms]    1. Replace DOMContentLoaded with polling-based detection\nâš ï¸ [4006ms]    2. Implement retry mechanism with exponential backoff\nâš ï¸ [4006ms]    3. Add MutationObserver for canvas creation monitoring\nâš ï¸ [4006ms]    4. Use event-driven approach instead of immediate execution\nğŸ“‹ [4011ms] \nğŸ“‹ [4011ms] RACE CONDITION ANALYSIS\nğŸ“‹ [4011ms] =======================\nâ° [4011ms] Timing Sequence:\nâ° [4011ms]   domReady: 146ms\nâ° [4011ms]   fabricLoaded: 562ms\nâ° [4011ms]   designerBundle: 725ms\nâ° [4011ms]   canvasCreated: 996ms\nâŒ [4011ms] 1 Race Conditions detected!\nğŸ [4011ms]   Race 1: Canvas not available during DOMContentLoaded\nğŸ [4011ms]     Test time: 148ms\nğŸ [4011ms]     Canvas available: NaNms\nğŸ“‹ [4011ms] \nğŸ“‹ [4011ms] Test Results:\nğŸ“‹ [4011ms]   Total tests: 4\nâœ… [4011ms]   Successful: 0\nâŒ [4011ms]   Failed: 4\nâŒ [4011ms] Failed test details:\nâŒ [4011ms]   Immediate (DOMContentLoaded): Canvas available = true\nâŒ [4011ms]   After 500ms: Canvas available = true\nâŒ [4011ms]   After 1000ms: Canvas available = true\nâŒ [4011ms]   After 1500ms: Canvas available = true\nğŸ“‹ [4011ms] \nğŸ“‹ [4011ms] CONCLUSION:\nğŸ“‹ [4011ms] ===========\nâŒ [4011ms] âŒ PRODUCTION ISSUES DETECTED!\nâŒ [4011ms]    - Race conditions between DOMContentLoaded events\nâŒ [4011ms]    - Canvas detection fails at specific timing points\nğŸ“‹ [4011ms] \nâš ï¸ [4011ms] RECOMMENDED FIXES:\nâš ï¸ [4011ms]    1. Replace DOMContentLoaded with polling-based detection\nâš ï¸ [4011ms]    2. Implement retry mechanism with exponential backoff\nâš ï¸ [4011ms]    3. Add MutationObserver for canvas creation monitoring\nâš ï¸ [4011ms]    4. Use event-driven approach instead of immediate execution\nâœ… [4012ms] Detailed report saved: production-test-report-1758454137218.json\nâœ… [4012ms] Production Test Simulation completed\n",
      "stderr": "",
      "timestamp": "2025-09-21T11:28:57.223Z"
    },
    {
      "testName": "comprehensive-suite",
      "file": "comprehensive-test-suite.js",
      "description": "Complete Test Coverage of All WordPress Scenarios",
      "success": false,
      "exitCode": 1,
      "duration": 42165,
      "stdout": "ğŸ¯ COMPREHENSIVE TEST SUITE\n============================\nFinales Test-Setup fÃ¼r alle WordPress/Plugin-Szenarien\n\nğŸ§ª [3ms] Starting Comprehensive Test Suite...\nğŸ§ª [3ms] Starting Production Scenario Tests...\nğŸ§ª [3ms] Running scenario: Standard WordPress Installation\nğŸ“‹ [3ms] Created test session: Standard WordPress Installation\nğŸŒ [3ms] Setting up test environment...\nğŸŒ [3ms] Environment setup completed\nâ° [3ms] Simulating WordPress loading sequence...\nâ° [148ms] DOM Ready after 143ms\nâ° [642ms] Fabric.js loaded after 494ms\nâ° [1022ms] Designer Bundle loaded after 379ms\nâ° [1094ms] DesignerWidget created after 72ms\nâ° [1255ms] Canvas created after 160ms\nâ° [1255ms] WordPress loading simulation completed\nğŸ§ª [1255ms] Running Canvas Detection Tests...\nğŸ¯ COMPREHENSIVE DESIGN DATA CAPTURE: Starting initialization...\nğŸ” Found 1 canvas elements\nâœ… Fabric canvas found: canvas-0 { width: 800, height: 600, objects: 1, isDesigner: true }\nğŸ“Š Total fabric canvases discovered: 1\nâœ… Mockup design area found: .mockup-design-area\nDimensions: {\n  width: 800,\n  height: 600,\n  rect: { left: 50, top: 100, width: 800, height: 600 }\n}\nğŸ”— Attaching to save/cart buttons...\nğŸ”— Total buttons attached: 0\nâœ… COMPREHENSIVE DESIGN DATA CAPTURE: System initialized successfully\nğŸ“ Test with: generateDesignData() in console\nğŸ§ª [4613ms] Running Race Condition Tests...\nğŸ§ª [4613ms] Running Edge Case Tests...\nğŸ“Š [4614ms] Running Performance Tests...\nâš ï¸ [4614ms] Session Analysis: 9/16 tests passed\nâŒ [4614ms] Failed tests in session:\nâŒ [4614ms]   - canvas_detection_immediate__domcontentloaded_: ComprehensiveDesignDataCapture not defined\nâŒ [4614ms]   - canvas_detection_after_100ms: ComprehensiveDesignDataCapture not defined\nâŒ [4614ms]   - canvas_detection_after_250ms: ComprehensiveDesignDataCapture not defined\nâŒ [4614ms]   - canvas_detection_after_500ms: ComprehensiveDesignDataCapture not defined\nâŒ [4614ms]   - canvas_detection_after_1000ms: ComprehensiveDesignDataCapture not defined\nâŒ [4614ms]   - canvas_detection_after_1500ms: ComprehensiveDesignDataCapture not defined\nâŒ [4614ms]   - race_condition_domcontentloaded_vs_canvas_creation: Failed\nğŸ“‹ [4614ms] Session Standard WordPress Installation completed\nğŸ§ª [4614ms] Running scenario: Slow WordPress Installation (Shared Hosting)\nğŸ“‹ [4614ms] Created test session: Slow WordPress Installation (Shared Hosting)\nğŸŒ [4614ms] Setting up test environment...\nğŸ“Š [4614ms] Applying network latency: 200ms\nğŸŒ [4614ms] Environment setup completed\nâ° [4614ms] Simulating WordPress loading sequence...\nâ° [5048ms] DOM Ready after 432ms\nâ° [5977ms] Fabric.js loaded after 928ms\nâ° [6905ms] Designer Bundle loaded after 928ms\nâ° [7054ms] DesignerWidget created after 148ms\nâ° [7556ms] Canvas created after 500ms\nâ° [7556ms] WordPress loading simulation completed\nğŸ§ª [7556ms] Running Canvas Detection Tests...\nğŸ¯ COMPREHENSIVE DESIGN DATA CAPTURE: Starting initialization...\nğŸ” Found 1 canvas elements\nâœ… Fabric canvas found: canvas-0 { width: 800, height: 600, objects: 1, isDesigner: true }\nğŸ“Š Total fabric canvases discovered: 1\nâœ… Mockup design area found: .mockup-design-area\nDimensions: {\n  width: 800,\n  height: 600,\n  rect: { left: 50, top: 100, width: 800, height: 600 }\n}\nğŸ”— Attaching to save/cart buttons...\nğŸ”— Total buttons attached: 0\nâœ… COMPREHENSIVE DESIGN DATA CAPTURE: System initialized successfully\nğŸ“ Test with: generateDesignData() in console\nğŸ§ª [10916ms] Running Race Condition Tests...\nğŸ§ª [10916ms] Running Edge Case Tests...\nğŸ“Š [10916ms] Running Performance Tests...\nâš ï¸ [10916ms] Session Analysis: 8/16 tests passed\nâŒ [10916ms] Failed tests in session:\nâŒ [10916ms]   - canvas_detection_immediate__domcontentloaded_: ComprehensiveDesignDataCapture not defined\nâŒ [10916ms]   - canvas_detection_after_100ms: ComprehensiveDesignDataCapture not defined\nâŒ [10916ms]   - canvas_detection_after_250ms: ComprehensiveDesignDataCapture not defined\nâŒ [10916ms]   - canvas_detection_after_500ms: ComprehensiveDesignDataCapture not defined\nâŒ [10916ms]   - canvas_detection_after_1000ms: ComprehensiveDesignDataCapture not defined\nâŒ [10916ms]   - canvas_detection_after_1500ms: ComprehensiveDesignDataCapture not defined\nâŒ [10916ms]   - race_condition_domcontentloaded_vs_canvas_creation: Failed\nâŒ [10916ms]   - performance_metrics: Failed\nğŸ“‹ [10916ms] Session Slow WordPress Installation (Shared Hosting) completed\nğŸ§ª [10916ms] Running scenario: Fast WordPress Installation (Optimized)\nğŸ“‹ [10916ms] Created test session: Fast WordPress Installation (Optimized)\nğŸŒ [10917ms] Setting up test environment...\nğŸŒ [10917ms] Environment setup completed\nâ° [10917ms] Simulating WordPress loading sequence...\nâ° [10986ms] DOM Ready after 69ms\nâ° [11109ms] Fabric.js loaded after 121ms\nâ° [11258ms] Designer Bundle loaded after 148ms\nâ° [11334ms] DesignerWidget created after 75ms\nâ° [11413ms] Canvas created after 78ms\nâ° [11413ms] WordPress loading simulation completed\nğŸ§ª [11413ms] Running Canvas Detection Tests...\nğŸ¯ COMPREHENSIVE DESIGN DATA CAPTURE: Starting initialization...\nğŸ” Found 1 canvas elements\nâœ… Fabric canvas found: canvas-0 { width: 800, height: 600, objects: 1, isDesigner: true }\nğŸ“Š Total fabric canvases discovered: 1\nâœ… Mockup design area found: .mockup-design-area\nDimensions: {\n  width: 800,\n  height: 600,\n  rect: { left: 50, top: 100, width: 800, height: 600 }\n}\nğŸ”— Attaching to save/cart buttons...\nğŸ”— Total buttons attached: 0\nâœ… COMPREHENSIVE DESIGN DATA CAPTURE: System initialized successfully\nğŸ“ Test with: generateDesignData() in console\nğŸ§ª [14772ms] Running Race Condition Tests...\nğŸ§ª [14773ms] Running Edge Case Tests...\nğŸ“Š [14773ms] Running Performance Tests...\nâš ï¸ [14773ms] Session Analysis: 9/16 tests passed\nâŒ [14773ms] Failed tests in session:\nâŒ [14773ms]   - canvas_detection_immediate__domcontentloaded_: ComprehensiveDesignDataCapture not defined\nâŒ [14773ms]   - canvas_detection_after_100ms: ComprehensiveDesignDataCapture not defined\nâŒ [14773ms]   - canvas_detection_after_250ms: ComprehensiveDesignDataCapture not defined\nâŒ [14773ms]   - canvas_detection_after_500ms: ComprehensiveDesignDataCapture not defined\nâŒ [14773ms]   - canvas_detection_after_1000ms: ComprehensiveDesignDataCapture not defined\nâŒ [14773ms]   - canvas_detection_after_1500ms: ComprehensiveDesignDataCapture not defined\nâŒ [14773ms]   - race_condition_domcontentloaded_vs_canvas_creation: Failed\nğŸ“‹ [14773ms] Session Fast WordPress Installation (Optimized) completed\nğŸ§ª [14773ms] Running scenario: WordPress with Plugin Conflicts\nğŸ“‹ [14773ms] Created test session: WordPress with Plugin Conflicts\nğŸŒ [14773ms] Setting up test environment...\nğŸŒ [14773ms] Environment setup completed\nâ° [14773ms] Simulating WordPress loading sequence...\nâ° [15168ms] DOM Ready after 393ms\nâ° [15699ms] Fabric.js loaded after 531ms\nâ° [16127ms] Designer Bundle loaded after 429ms\nâ° [16216ms] DesignerWidget created after 88ms\nâ° [16354ms] Canvas created after 138ms\nâ° [16354ms] WordPress loading simulation completed\nğŸ§ª [16354ms] Running Canvas Detection Tests...\nğŸ¯ COMPREHENSIVE DESIGN DATA CAPTURE: Starting initialization...\nğŸ” Found 1 canvas elements\nâœ… Fabric canvas found: canvas-0 { width: 800, height: 600, objects: 1, isDesigner: true }\nğŸ“Š Total fabric canvases discovered: 1\nâœ… Mockup design area found: .mockup-design-area\nDimensions: {\n  width: 800,\n  height: 600,\n  rect: { left: 50, top: 100, width: 800, height: 600 }\n}\nğŸ”— Attaching to save/cart buttons...\nğŸ”— Total buttons attached: 0\nâœ… COMPREHENSIVE DESIGN DATA CAPTURE: System initialized successfully\nğŸ“ Test with: generateDesignData() in console\nğŸ§ª [19714ms] Running Race Condition Tests...\nğŸ§ª [19714ms] Running Edge Case Tests...\nğŸ“Š [19714ms] Running Performance Tests...\nâš ï¸ [19714ms] Session Analysis: 9/16 tests passed\nâŒ [19714ms] Failed tests in session:\nâŒ [19714ms]   - canvas_detection_immediate__domcontentloaded_: ComprehensiveDesignDataCapture not defined\nâŒ [19714ms]   - canvas_detection_after_100ms: ComprehensiveDesignDataCapture not defined\nâŒ [19714ms]   - canvas_detection_after_250ms: ComprehensiveDesignDataCapture not defined\nâŒ [19714ms]   - canvas_detection_after_500ms: ComprehensiveDesignDataCapture not defined\nâŒ [19714ms]   - canvas_detection_after_1000ms: ComprehensiveDesignDataCapture not defined\nâŒ [19714ms]   - canvas_detection_after_1500ms: ComprehensiveDesignDataCapture not defined\nâŒ [19714ms]   - race_condition_domcontentloaded_vs_canvas_creation: Failed\nğŸ“‹ [19714ms] Session WordPress with Plugin Conflicts completed\nğŸ§ª [19714ms] Running scenario: Mobile Device Simulation\nğŸ“‹ [19714ms] Created test session: Mobile Device Simulation\nğŸŒ [19714ms] Setting up test environment...\nğŸ“Š [19714ms] Applying CPU throttling: 4x\nğŸ“Š [19714ms] Simulating memory pressure\nğŸŒ [19714ms] Environment setup completed\nâ° [19714ms] Simulating WordPress loading sequence...\nâ° [21860ms] DOM Ready after 536ms\nâ° [26404ms] Fabric.js loaded after 1136ms\nâ° [30184ms] Designer Bundle loaded after 945ms\nâ° [30498ms] DesignerWidget created after 78ms\nâ° [31569ms] Canvas created after 268ms\nâ° [31569ms] WordPress loading simulation completed\nğŸ§ª [31569ms] Running Canvas Detection Tests...\nğŸ¯ COMPREHENSIVE DESIGN DATA CAPTURE: Starting initialization...\nğŸ” Found 1 canvas elements\nâœ… Fabric canvas found: canvas-0 { width: 800, height: 600, objects: 1, isDesigner: true }\nğŸ“Š Total fabric canvases discovered: 1\nâœ… Mockup design area found: .mockup-design-area\nDimensions: {\n  width: 800,\n  height: 600,\n  rect: { left: 50, top: 100, width: 800, height: 600 }\n}\nğŸ”— Attaching to save/cart buttons...\nğŸ”— Total buttons attached: 0\nâœ… COMPREHENSIVE DESIGN DATA CAPTURE: System initialized successfully\nğŸ“ Test with: generateDesignData() in console\nğŸ§ª [34930ms] Running Race Condition Tests...\nğŸ§ª [34930ms] Running Edge Case Tests...\nğŸ“Š [34930ms] Running Performance Tests...\nâš ï¸ [34930ms] Session Analysis: 8/16 tests passed\nâŒ [34930ms] Failed tests in session:\nâŒ [34930ms]   - canvas_detection_immediate__domcontentloaded_: ComprehensiveDesignDataCapture not defined\nâŒ [34930ms]   - canvas_detection_after_100ms: ComprehensiveDesignDataCapture not defined\nâŒ [34930ms]   - canvas_detection_after_250ms: ComprehensiveDesignDataCapture not defined\nâŒ [34930ms]   - canvas_detection_after_500ms: ComprehensiveDesignDataCapture not defined\nâŒ [34930ms]   - canvas_detection_after_1000ms: ComprehensiveDesignDataCapture not defined\nâŒ [34930ms]   - canvas_detection_after_1500ms: ComprehensiveDesignDataCapture not defined\nâŒ [34930ms]   - race_condition_domcontentloaded_vs_canvas_creation: Failed\nâŒ [34930ms]   - performance_metrics: Failed\nğŸ“‹ [34930ms] Session Mobile Device Simulation completed\nğŸ§ª [34930ms] Running scenario: Old Browser Simulation (IE11/Safari)\nğŸ“‹ [34930ms] Created test session: Old Browser Simulation (IE11/Safari)\nğŸŒ [34930ms] Setting up test environment...\nğŸ“Š [34930ms] Applying CPU throttling: 2x\nğŸŒ [34930ms] Environment setup completed\nâ° [34930ms] Simulating WordPress loading sequence...\nâ° [35764ms] DOM Ready after 416ms\nâ° [36911ms] Fabric.js loaded after 574ms\nâ° [38019ms] Designer Bundle loaded after 554ms\nâ° [38198ms] DesignerWidget created after 89ms\nâ° [38775ms] Canvas created after 288ms\nâ° [38775ms] WordPress loading simulation completed\nğŸ§ª [38775ms] Running Canvas Detection Tests...\nğŸ¯ COMPREHENSIVE DESIGN DATA CAPTURE: Starting initialization...\nğŸ” Found 1 canvas elements\nâœ… Fabric canvas found: canvas-0 { width: 800, height: 600, objects: 1, isDesigner: true }\nğŸ“Š Total fabric canvases discovered: 1\nâœ… Mockup design area found: .mockup-design-area\nDimensions: {\n  width: 800,\n  height: 600,\n  rect: { left: 50, top: 100, width: 800, height: 600 }\n}\nğŸ”— Attaching to save/cart buttons...\nğŸ”— Total buttons attached: 0\nâœ… COMPREHENSIVE DESIGN DATA CAPTURE: System initialized successfully\nğŸ“ Test with: generateDesignData() in console\nğŸ§ª [42134ms] Running Race Condition Tests...\nğŸ§ª [42134ms] Running Edge Case Tests...\nğŸ“Š [42134ms] Running Performance Tests...\nâš ï¸ [42134ms] Session Analysis: 8/16 tests passed\nâŒ [42134ms] Failed tests in session:\nâŒ [42134ms]   - canvas_detection_immediate__domcontentloaded_: ComprehensiveDesignDataCapture not defined\nâŒ [42134ms]   - canvas_detection_after_100ms: ComprehensiveDesignDataCapture not defined\nâŒ [42135ms]   - canvas_detection_after_250ms: ComprehensiveDesignDataCapture not defined\nâŒ [42135ms]   - canvas_detection_after_500ms: ComprehensiveDesignDataCapture not defined\nâŒ [42135ms]   - canvas_detection_after_1000ms: ComprehensiveDesignDataCapture not defined\nâŒ [42135ms]   - canvas_detection_after_1500ms: ComprehensiveDesignDataCapture not defined\nâŒ [42135ms]   - race_condition_domcontentloaded_vs_canvas_creation: Failed\nâŒ [42135ms]   - performance_metrics: Failed\nğŸ“‹ [42135ms] Session Old Browser Simulation (IE11/Safari) completed\nâœ… [42135ms] Production Scenario Tests completed\nâœ… [42137ms] Final report saved: comprehensive-test-report-1758454179385.json\nğŸ“‹ [42137ms] \nğŸ“‹ [42137ms] COMPREHENSIVE TEST SUITE SUMMARY\nğŸ“‹ [42137ms] =================================\nğŸ“‹ [42137ms] Total Tests: 96\nâœ… [42137ms] Passed: 51\nâŒ [42137ms] Failed: 45\nğŸ [42137ms] Race Conditions: 6\nâ° [42137ms] Timing Issues: 10\nâŒ [42137ms] Critical Errors: 0\nğŸ“‹ [42137ms] \nğŸ“Š [42137ms] Overall Success Rate: 53%\nâŒ [42137ms] Status: RACE_CONDITIONS\nâš ï¸ [42137ms] Severity: LOW\nğŸ“‹ [42137ms] \nâš ï¸ [42137ms] RECOMMENDATIONS:\nâš ï¸ [42137ms] 1. [HIGH] DOMContentLoaded race conditions detected\nğŸ“‹ [42137ms]    Solution: Implement polling-based canvas detection with retry mechanism\nâš ï¸ [42137ms] 2. [MEDIUM] Slow loading times detected\nğŸ“‹ [42137ms]    Solution: Optimize script loading order and add performance monitoring\nğŸ“‹ [42137ms] \nâœ… [42137ms] Comprehensive Test Suite completed\n",
      "stderr": "",
      "timestamp": "2025-09-21T11:29:39.389Z"
    },
    {
      "testName": "race-condition-direct",
      "file": "test-race-condition-direct.js",
      "description": "Direct Race Condition Reproduction Test",
      "success": true,
      "exitCode": 0,
      "duration": 1043,
      "stdout": "ğŸ§ª DIRECT RACE CONDITION TEST\n===============================\nğŸ Testing Race Condition Scenario...\nğŸ“ Comprehensive capture code loaded\n\nğŸ”¬ SZENARIO 1: Sofortige Canvas-Suche (Race Condition)\n================================================================\n\nğŸ“‹ TEST ZUSAMMENFASSUNG:\n========================\nâ“ Race Condition nicht reproduziert oder anderes Problem\n\nâœ… Direct Race Condition Test abgeschlossen\nğŸ“¦ DesignerWidget Bundle \"geladen\" - Canvas wird erstellt\nğŸ¯ COMPREHENSIVE DESIGN DATA CAPTURE: Starting initialization...\nâ° Canvas query at 1001ms: CANVAS NOW AVAILABLE\nğŸ” Found 1 canvas elements\nâœ… Fabric canvas found: canvas-0 { width: 800, height: 600, objects: 1, isDesigner: true }\nğŸ“Š Total fabric canvases discovered: 1\nâœ… Mockup design area found: .mockup-design-area\nDimensions: {\n  width: 800,\n  height: 600,\n  rect: { left: 50, top: 100, width: 800, height: 600 }\n}\nğŸ”— Attaching to save/cart buttons...\nğŸ”— Total buttons attached: 0\nâœ… COMPREHENSIVE DESIGN DATA CAPTURE: System initialized successfully\nğŸ“ Test with: generateDesignData() in console\n",
      "stderr": "âŒ Test Error: ComprehensiveDesignDataCapture is not defined\n",
      "timestamp": "2025-09-21T11:29:40.432Z"
    }
  ],
  "analysis": {
    "hasRaceConditions": true,
    "hasTimingIssues": true,
    "hasCriticalErrors": false
  }
}